{"/Users/vyctor/projects/acelera-dev-react/quarto-modulo/calculadora/calc.js": {"path":"/Users/vyctor/projects/acelera-dev-react/quarto-modulo/calculadora/calc.js","statementMap":{"0":{"start":{"line":1,"column":0},"end":{"line":1,"column":34}},"1":{"start":{"line":1,"column":22},"end":{"line":1,"column":33}},"2":{"start":{"line":3,"column":0},"end":{"line":3,"column":34}},"3":{"start":{"line":3,"column":22},"end":{"line":3,"column":33}},"4":{"start":{"line":5,"column":0},"end":{"line":5,"column":35}},"5":{"start":{"line":5,"column":23},"end":{"line":5,"column":34}},"6":{"start":{"line":7,"column":0},"end":{"line":8,"column":67}},"7":{"start":{"line":8,"column":2},"end":{"line":8,"column":66}},"8":{"start":{"line":10,"column":0},"end":{"line":15,"column":2}}},"fnMap":{"0":{"name":"(anonymous_0)","decl":{"start":{"line":1,"column":6},"end":{"line":1,"column":7}},"loc":{"start":{"line":1,"column":22},"end":{"line":1,"column":33}},"line":1},"1":{"name":"(anonymous_1)","decl":{"start":{"line":3,"column":6},"end":{"line":3,"column":7}},"loc":{"start":{"line":3,"column":22},"end":{"line":3,"column":33}},"line":3},"2":{"name":"(anonymous_2)","decl":{"start":{"line":5,"column":7},"end":{"line":5,"column":8}},"loc":{"start":{"line":5,"column":23},"end":{"line":5,"column":34}},"line":5},"3":{"name":"(anonymous_3)","decl":{"start":{"line":7,"column":6},"end":{"line":7,"column":7}},"loc":{"start":{"line":8,"column":2},"end":{"line":8,"column":66}},"line":8}},"branchMap":{"0":{"loc":{"start":{"line":8,"column":2},"end":{"line":8,"column":66}},"type":"cond-expr","locations":[{"start":{"line":8,"column":15},"end":{"line":8,"column":52}},{"start":{"line":8,"column":55},"end":{"line":8,"column":66}}],"line":8}},"s":{"0":1,"1":3,"2":1,"3":1,"4":1,"5":1,"6":1,"7":2,"8":1},"f":{"0":3,"1":1,"2":1,"3":2},"b":{"0":[1,1]},"_coverageSchema":"1a1c01bbd47fc00a2c39e90264f33305004495a9","hash":"242ef7c46abccc6610ad448c6e7684b981240029"}
}
